<?xml version="1.0" encoding="UTF-8"?>
<!-- Generated by org.testng.reporters.JUnitXMLReporter -->
<testsuite ignored="0" hostname="Lenovo" failures="0" tests="3" name="Default test" time="95.697" errors="0" timestamp="2023-03-08T12:56:06 IST">
  <testcase classname="TestDrive.Validationtest" name="ValidationOnElement1" time="0.563"/>
  <testcase classname="TestDrive.Validationtest" name="ValidationOnElement2" time="0.181"/>
  <testcase classname="TestDrive.Validationtest" name="ValidationOnElement3" time="0.096"/>
</testsuite> <!-- Default test -->
