<?xml version="1.0" encoding="UTF-8"?>
<testng-results ignored="0" total="8" passed="7" failed="1" skipped="0">
  <reporter-output>
  </reporter-output>
  <suite started-at="2023-03-08T13:11:06 IST" name="Suite" finished-at="2023-03-08T13:16:17 IST" duration-ms="310300">
    <groups>
    </groups>
    <test started-at="2023-03-08T13:11:06 IST" name="Test" finished-at="2023-03-08T13:16:17 IST" duration-ms="310300">
      <class name="TestDrive.Signuptest">
        <test-method is-config="true" signature="Startup()[pri:0, instance:TestDrive.Signuptest@54eb2b70]" started-at="2023-03-08T13:11:07 IST" name="Startup" finished-at="2023-03-08T13:11:37 IST" duration-ms="30824" status="PASS">
          <reporter-output>
          </reporter-output>
        </test-method> <!-- Startup -->
        <test-method signature="Signup()[pri:0, instance:TestDrive.Signuptest@54eb2b70]" started-at="2023-03-08T13:11:37 IST" name="Signup" finished-at="2023-03-08T13:12:02 IST" duration-ms="24263" status="PASS">
          <reporter-output>
          </reporter-output>
        </test-method> <!-- Signup -->
        <test-method is-config="true" signature="Closeup()[pri:0, instance:TestDrive.Signuptest@54eb2b70]" started-at="2023-03-08T13:12:02 IST" name="Closeup" finished-at="2023-03-08T13:12:11 IST" duration-ms="9504" status="PASS">
          <reporter-output>
          </reporter-output>
        </test-method> <!-- Closeup -->
      </class> <!-- TestDrive.Signuptest -->
      <class name="TestDrive.Bookingtest">
        <test-method is-config="true" signature="Startup()[pri:0, instance:TestDrive.Bookingtest@1fb669c3]" started-at="2023-03-08T13:12:11 IST" name="Startup" finished-at="2023-03-08T13:12:36 IST" duration-ms="24844" status="PASS">
          <reporter-output>
          </reporter-output>
        </test-method> <!-- Startup -->
        <test-method signature="BookTicket()[pri:0, instance:TestDrive.Bookingtest@1fb669c3]" started-at="2023-03-08T13:12:36 IST" name="BookTicket" finished-at="2023-03-08T13:12:49 IST" duration-ms="13360" status="FAIL">
          <exception class="org.openqa.selenium.NoSuchElementException">
            <message>
              <![CDATA[no such element: Unable to locate element: {"method":"xpath","selector":"//div[@data-testid='continue-search-page-cta']"}
  (Session info: chrome=110.0.5481.178)
For documentation on this error, please visit: https://www.seleniumhq.org/exceptions/no_such_element.html
Build info: version: '3.141.59', revision: 'e82be7d358', time: '2018-11-14T08:17:03'
System info: host: 'LENOVO', ip: '192.168.11.101', os.name: 'Windows 10', os.arch: 'amd64', os.version: '10.0', java.version: '17.0.4.1'
Driver info: org.openqa.selenium.chrome.ChromeDriver
Capabilities {acceptInsecureCerts: false, browserName: chrome, browserVersion: 110.0.5481.178, chrome: {chromedriverVersion: 110.0.5481.77 (65ed616c6e8e..., userDataDir: C:\Users\ELCOT\AppData\Loca...}, goog:chromeOptions: {debuggerAddress: localhost:52843}, javascriptEnabled: true, networkConnectionEnabled: false, pageLoadStrategy: normal, platform: WINDOWS, platformName: WINDOWS, proxy: Proxy(), setWindowRect: true, strictFileInteractability: false, timeouts: {implicit: 0, pageLoad: 300000, script: 30000}, unhandledPromptBehavior: dismiss and notify, webauthn:extension:credBlob: true, webauthn:extension:largeBlob: true, webauthn:virtualAuthenticators: true}
Session ID: 83a3a8cc8ad41d4b062bbb878c5c427d
*** Element info: {Using=xpath, value=//div[@data-testid='continue-search-page-cta']}]]>
            </message>
            <full-stacktrace>
              <![CDATA[org.openqa.selenium.NoSuchElementException: no such element: Unable to locate element: {"method":"xpath","selector":"//div[@data-testid='continue-search-page-cta']"}
  (Session info: chrome=110.0.5481.178)
For documentation on this error, please visit: https://www.seleniumhq.org/exceptions/no_such_element.html
Build info: version: '3.141.59', revision: 'e82be7d358', time: '2018-11-14T08:17:03'
System info: host: 'LENOVO', ip: '192.168.11.101', os.name: 'Windows 10', os.arch: 'amd64', os.version: '10.0', java.version: '17.0.4.1'
Driver info: org.openqa.selenium.chrome.ChromeDriver
Capabilities {acceptInsecureCerts: false, browserName: chrome, browserVersion: 110.0.5481.178, chrome: {chromedriverVersion: 110.0.5481.77 (65ed616c6e8e..., userDataDir: C:\Users\ELCOT\AppData\Loca...}, goog:chromeOptions: {debuggerAddress: localhost:52843}, javascriptEnabled: true, networkConnectionEnabled: false, pageLoadStrategy: normal, platform: WINDOWS, platformName: WINDOWS, proxy: Proxy(), setWindowRect: true, strictFileInteractability: false, timeouts: {implicit: 0, pageLoad: 300000, script: 30000}, unhandledPromptBehavior: dismiss and notify, webauthn:extension:credBlob: true, webauthn:extension:largeBlob: true, webauthn:virtualAuthenticators: true}
Session ID: 83a3a8cc8ad41d4b062bbb878c5c427d
*** Element info: {Using=xpath, value=//div[@data-testid='continue-search-page-cta']}
at java.base/jdk.internal.reflect.NativeConstructorAccessorImpl.newInstance0(Native Method)
at java.base/jdk.internal.reflect.NativeConstructorAccessorImpl.newInstance(NativeConstructorAccessorImpl.java:77)
at java.base/jdk.internal.reflect.DelegatingConstructorAccessorImpl.newInstance(DelegatingConstructorAccessorImpl.java:45)
at java.base/java.lang.reflect.Constructor.newInstanceWithCaller(Constructor.java:499)
at java.base/java.lang.reflect.Constructor.newInstance(Constructor.java:480)
at org.openqa.selenium.remote.http.W3CHttpResponseCodec.createException(W3CHttpResponseCodec.java:187)
at org.openqa.selenium.remote.http.W3CHttpResponseCodec.decode(W3CHttpResponseCodec.java:122)
at org.openqa.selenium.remote.http.W3CHttpResponseCodec.decode(W3CHttpResponseCodec.java:49)
at org.openqa.selenium.remote.HttpCommandExecutor.execute(HttpCommandExecutor.java:158)
at org.openqa.selenium.remote.service.DriverCommandExecutor.execute(DriverCommandExecutor.java:83)
at org.openqa.selenium.remote.RemoteWebDriver.execute(RemoteWebDriver.java:552)
at org.openqa.selenium.remote.RemoteWebDriver.findElement(RemoteWebDriver.java:323)
at org.openqa.selenium.remote.RemoteWebDriver.findElementByXPath(RemoteWebDriver.java:428)
at org.openqa.selenium.By$ByXPath.findElement(By.java:353)
at org.openqa.selenium.remote.RemoteWebDriver.findElement(RemoteWebDriver.java:315)
at org.openqa.selenium.support.pagefactory.DefaultElementLocator.findElement(DefaultElementLocator.java:69)
at org.openqa.selenium.support.pagefactory.internal.LocatingElementHandler.invoke(LocatingElementHandler.java:38)
at jdk.proxy2/jdk.proxy2.$Proxy13.click(Unknown Source)
at PageDrive.Bookingpage.Continue(Bookingpage.java:88)
at TestDrive.Bookingtest.BookTicket(Bookingtest.java:19)
at java.base/jdk.internal.reflect.NativeMethodAccessorImpl.invoke0(Native Method)
at java.base/jdk.internal.reflect.NativeMethodAccessorImpl.invoke(NativeMethodAccessorImpl.java:77)
at java.base/jdk.internal.reflect.DelegatingMethodAccessorImpl.invoke(DelegatingMethodAccessorImpl.java:43)
at java.base/java.lang.reflect.Method.invoke(Method.java:568)
at org.testng.internal.MethodInvocationHelper.invokeMethod(MethodInvocationHelper.java:133)
at org.testng.internal.TestInvoker.invokeMethod(TestInvoker.java:598)
at org.testng.internal.TestInvoker.invokeTestMethod(TestInvoker.java:173)
at org.testng.internal.MethodRunner.runInSequence(MethodRunner.java:46)
at org.testng.internal.TestInvoker$MethodInvocationAgent.invoke(TestInvoker.java:824)
at org.testng.internal.TestInvoker.invokeTestMethods(TestInvoker.java:146)
at org.testng.internal.TestMethodWorker.invokeTestMethods(TestMethodWorker.java:146)
at org.testng.internal.TestMethodWorker.run(TestMethodWorker.java:128)
at java.base/java.util.ArrayList.forEach(ArrayList.java:1511)
at org.testng.TestRunner.privateRun(TestRunner.java:794)
at org.testng.TestRunner.run(TestRunner.java:596)
at org.testng.SuiteRunner.runTest(SuiteRunner.java:377)
at org.testng.SuiteRunner.runSequentially(SuiteRunner.java:371)
at org.testng.SuiteRunner.privateRun(SuiteRunner.java:332)
at org.testng.SuiteRunner.run(SuiteRunner.java:276)
at org.testng.SuiteRunnerWorker.runSuite(SuiteRunnerWorker.java:53)
at org.testng.SuiteRunnerWorker.run(SuiteRunnerWorker.java:96)
at org.testng.TestNG.runSuitesSequentially(TestNG.java:1212)
at org.testng.TestNG.runSuitesLocally(TestNG.java:1134)
at org.testng.TestNG.runSuites(TestNG.java:1063)
at org.testng.TestNG.run(TestNG.java:1031)
at org.testng.remote.AbstractRemoteTestNG.run(AbstractRemoteTestNG.java:115)
at org.testng.remote.RemoteTestNG.initAndRun(RemoteTestNG.java:251)
at org.testng.remote.RemoteTestNG.main(RemoteTestNG.java:77)
]]>
            </full-stacktrace>
          </exception> <!-- org.openqa.selenium.NoSuchElementException -->
          <reporter-output>
          </reporter-output>
        </test-method> <!-- BookTicket -->
        <test-method is-config="true" signature="Closeup()[pri:0, instance:TestDrive.Bookingtest@1fb669c3]" started-at="2023-03-08T13:12:50 IST" name="Closeup" finished-at="2023-03-08T13:12:59 IST" duration-ms="9337" status="PASS">
          <reporter-output>
          </reporter-output>
        </test-method> <!-- Closeup -->
      </class> <!-- TestDrive.Bookingtest -->
      <class name="TestDrive.Roundtriptest">
        <test-method is-config="true" signature="Startup()[pri:0, instance:TestDrive.Roundtriptest@3e6104fc]" started-at="2023-03-08T13:15:06 IST" name="Startup" finished-at="2023-03-08T13:15:26 IST" duration-ms="19846" status="PASS">
          <reporter-output>
          </reporter-output>
        </test-method> <!-- Startup -->
        <test-method signature="RoundTrip()[pri:0, instance:TestDrive.Roundtriptest@3e6104fc]" started-at="2023-03-08T13:15:26 IST" name="RoundTrip" finished-at="2023-03-08T13:15:33 IST" duration-ms="7168" status="PASS">
          <reporter-output>
          </reporter-output>
        </test-method> <!-- RoundTrip -->
        <test-method is-config="true" signature="Closeup()[pri:0, instance:TestDrive.Roundtriptest@3e6104fc]" started-at="2023-03-08T13:15:33 IST" name="Closeup" finished-at="2023-03-08T13:15:42 IST" duration-ms="8708" status="PASS">
          <reporter-output>
          </reporter-output>
        </test-method> <!-- Closeup -->
      </class> <!-- TestDrive.Roundtriptest -->
      <class name="TestDrive.Onewaytest">
        <test-method is-config="true" signature="Startup()[pri:0, instance:TestDrive.Onewaytest@6239aba6]" started-at="2023-03-08T13:14:32 IST" name="Startup" finished-at="2023-03-08T13:14:50 IST" duration-ms="18623" status="PASS">
          <reporter-output>
          </reporter-output>
        </test-method> <!-- Startup -->
        <test-method signature="OnewayTrip()[pri:0, instance:TestDrive.Onewaytest@6239aba6]" started-at="2023-03-08T13:14:50 IST" name="OnewayTrip" finished-at="2023-03-08T13:14:57 IST" duration-ms="6834" status="PASS">
          <reporter-output>
          </reporter-output>
        </test-method> <!-- OnewayTrip -->
        <test-method is-config="true" signature="Closeup()[pri:0, instance:TestDrive.Onewaytest@6239aba6]" started-at="2023-03-08T13:14:57 IST" name="Closeup" finished-at="2023-03-08T13:15:06 IST" duration-ms="9211" status="PASS">
          <reporter-output>
          </reporter-output>
        </test-method> <!-- Closeup -->
      </class> <!-- TestDrive.Onewaytest -->
      <class name="TestDrive.Validationtest">
        <test-method is-config="true" signature="Startup()[pri:0, instance:TestDrive.Validationtest@49c66ade]" started-at="2023-03-08T13:12:59 IST" name="Startup" finished-at="2023-03-08T13:13:23 IST" duration-ms="23440" status="PASS">
          <reporter-output>
          </reporter-output>
        </test-method> <!-- Startup -->
        <test-method signature="ValidationOnElement1()[pri:0, instance:TestDrive.Validationtest@49c66ade]" started-at="2023-03-08T13:13:23 IST" name="ValidationOnElement1" finished-at="2023-03-08T13:13:23 IST" duration-ms="448" status="PASS">
          <reporter-output>
          </reporter-output>
        </test-method> <!-- ValidationOnElement1 -->
        <test-method is-config="true" signature="Closeup()[pri:0, instance:TestDrive.Validationtest@49c66ade]" started-at="2023-03-08T13:13:23 IST" name="Closeup" finished-at="2023-03-08T13:13:32 IST" duration-ms="8711" status="PASS">
          <reporter-output>
          </reporter-output>
        </test-method> <!-- Closeup -->
        <test-method is-config="true" signature="Startup()[pri:0, instance:TestDrive.Validationtest@49c66ade]" started-at="2023-03-08T13:13:32 IST" name="Startup" finished-at="2023-03-08T13:13:53 IST" duration-ms="21598" status="PASS">
          <reporter-output>
          </reporter-output>
        </test-method> <!-- Startup -->
        <test-method signature="ValidationOnElement2()[pri:0, instance:TestDrive.Validationtest@49c66ade]" started-at="2023-03-08T13:13:53 IST" name="ValidationOnElement2" finished-at="2023-03-08T13:13:53 IST" duration-ms="87" status="PASS">
          <reporter-output>
          </reporter-output>
        </test-method> <!-- ValidationOnElement2 -->
        <test-method is-config="true" signature="Closeup()[pri:0, instance:TestDrive.Validationtest@49c66ade]" started-at="2023-03-08T13:13:53 IST" name="Closeup" finished-at="2023-03-08T13:14:02 IST" duration-ms="8652" status="PASS">
          <reporter-output>
          </reporter-output>
        </test-method> <!-- Closeup -->
        <test-method is-config="true" signature="Startup()[pri:0, instance:TestDrive.Validationtest@49c66ade]" started-at="2023-03-08T13:14:02 IST" name="Startup" finished-at="2023-03-08T13:14:23 IST" duration-ms="21132" status="PASS">
          <reporter-output>
          </reporter-output>
        </test-method> <!-- Startup -->
        <test-method signature="ValidationOnElement3()[pri:0, instance:TestDrive.Validationtest@49c66ade]" started-at="2023-03-08T13:14:23 IST" name="ValidationOnElement3" finished-at="2023-03-08T13:14:23 IST" duration-ms="93" status="PASS">
          <reporter-output>
          </reporter-output>
        </test-method> <!-- ValidationOnElement3 -->
        <test-method is-config="true" signature="Closeup()[pri:0, instance:TestDrive.Validationtest@49c66ade]" started-at="2023-03-08T13:14:23 IST" name="Closeup" finished-at="2023-03-08T13:14:32 IST" duration-ms="8494" status="PASS">
          <reporter-output>
          </reporter-output>
        </test-method> <!-- Closeup -->
      </class> <!-- TestDrive.Validationtest -->
      <class name="TestDrive.Logintest">
        <test-method is-config="true" signature="Startup()[pri:0, instance:TestDrive.Logintest@479460a6]" started-at="2023-03-08T13:15:42 IST" name="Startup" finished-at="2023-03-08T13:16:04 IST" duration-ms="21833" status="PASS">
          <reporter-output>
          </reporter-output>
        </test-method> <!-- Startup -->
        <test-method signature="Login()[pri:0, instance:TestDrive.Logintest@479460a6]" started-at="2023-03-08T13:16:04 IST" name="Login" finished-at="2023-03-08T13:16:08 IST" duration-ms="4096" status="PASS">
          <reporter-output>
          </reporter-output>
        </test-method> <!-- Login -->
        <test-method is-config="true" signature="Closeup()[pri:0, instance:TestDrive.Logintest@479460a6]" started-at="2023-03-08T13:16:08 IST" name="Closeup" finished-at="2023-03-08T13:16:17 IST" duration-ms="8654" status="PASS">
          <reporter-output>
          </reporter-output>
        </test-method> <!-- Closeup -->
      </class> <!-- TestDrive.Logintest -->
    </test> <!-- Test -->
  </suite> <!-- Suite -->
</testng-results>
